mode: count
github.com/JulianTeschner/CasinoIP2/persistence/connect.go:14.13,16.2 1 1
github.com/JulianTeschner/CasinoIP2/persistence/connect.go:19.41,25.16 2 3
github.com/JulianTeschner/CasinoIP2/persistence/connect.go:29.2,30.16 2 3
github.com/JulianTeschner/CasinoIP2/persistence/connect.go:34.2,34.15 1 3
github.com/JulianTeschner/CasinoIP2/persistence/connect.go:25.16,27.3 1 0
github.com/JulianTeschner/CasinoIP2/persistence/connect.go:30.16,32.3 1 0
github.com/JulianTeschner/CasinoIP2/persistence/connect.go:60.96,66.2 3 1
github.com/JulianTeschner/CasinoIP2/persistence/connect.go:69.45,71.2 1 1
github.com/JulianTeschner/CasinoIP2/cmd/main.go:16.13,18.2 1 1
github.com/JulianTeschner/CasinoIP2/cmd/main.go:20.13,31.16 5 0
github.com/JulianTeschner/CasinoIP2/cmd/main.go:35.2,36.48 2 0
github.com/JulianTeschner/CasinoIP2/cmd/main.go:40.2,45.39 5 0
github.com/JulianTeschner/CasinoIP2/cmd/main.go:31.16,32.13 1 0
github.com/JulianTeschner/CasinoIP2/cmd/main.go:36.48,37.13 1 0
github.com/JulianTeschner/CasinoIP2/models/user.go:21.49,32.2 2 0
github.com/JulianTeschner/CasinoIP2/models/user.go:35.49,47.54 2 0
github.com/JulianTeschner/CasinoIP2/models/user.go:51.2,56.16 6 0
github.com/JulianTeschner/CasinoIP2/models/user.go:59.2,62.12 4 0
github.com/JulianTeschner/CasinoIP2/models/user.go:47.54,49.3 1 0
github.com/JulianTeschner/CasinoIP2/models/user.go:56.16,58.3 1 0
github.com/JulianTeschner/CasinoIP2/models/user.go:66.46,84.2 1 1
github.com/JulianTeschner/CasinoIP2/models/user.go:86.34,88.2 1 5
github.com/JulianTeschner/CasinoIP2/models/address.go:12.40,14.2 1 5
github.com/JulianTeschner/CasinoIP2/models/amountOnDate.go:15.50,17.2 1 2
github.com/JulianTeschner/CasinoIP2/models/amountOnDate.go:20.57,26.54 2 0
github.com/JulianTeschner/CasinoIP2/models/amountOnDate.go:30.2,31.16 2 0
github.com/JulianTeschner/CasinoIP2/models/amountOnDate.go:35.2,38.12 3 0
github.com/JulianTeschner/CasinoIP2/models/amountOnDate.go:26.54,28.3 1 0
github.com/JulianTeschner/CasinoIP2/models/amountOnDate.go:31.16,33.3 1 0
github.com/JulianTeschner/CasinoIP2/models/amountOnDate.go:42.54,50.2 1 1
github.com/JulianTeschner/CasinoIP2/models/balance.go:11.40,14.2 2 5
